<?xml version="1.0" encoding="UTF-8"?>
<testng-results skipped="0" failed="0" ignored="0" total="1" passed="1">
  <reporter-output>
  </reporter-output>
  <suite name="Default suite" duration-ms="48760" started-at="2020-12-12T14:55:37Z" finished-at="2020-12-12T14:56:26Z">
    <groups>
    </groups>
    <test name="Default test" duration-ms="48760" started-at="2020-12-12T14:55:37Z" finished-at="2020-12-12T14:56:26Z">
      <class name="com.airLines.testCases.TC_Login_001">
        <test-method status="PASS" signature="setup()[pri:0, instance:com.airLines.testCases.TC_Login_001@16c48ac]" name="setup" is-config="true" duration-ms="20099" started-at="2020-12-12T14:55:37Z" finished-at="2020-12-12T14:55:58Z">
          <reporter-output>
          </reporter-output>
        </test-method> <!-- setup -->
        <test-method status="PASS" signature="loginTest()[pri:0, instance:com.airLines.testCases.TC_Login_001@16c48ac]" name="loginTest" duration-ms="27442" started-at="2020-12-12T14:55:58Z" finished-at="2020-12-12T14:56:25Z">
          <reporter-output>
          </reporter-output>
        </test-method> <!-- loginTest -->
        <test-method status="PASS" signature="teardown()[pri:0, instance:com.airLines.testCases.TC_Login_001@16c48ac]" name="teardown" is-config="true" duration-ms="1190" started-at="2020-12-12T14:56:25Z" finished-at="2020-12-12T14:56:26Z">
          <reporter-output>
          </reporter-output>
        </test-method> <!-- teardown -->
      </class> <!-- com.airLines.testCases.TC_Login_001 -->
    </test> <!-- Default test -->
  </suite> <!-- Default suite -->
</testng-results>
